2025-07-11 22:09:44,969 - INFO - Renaming 'docs/_liaos_tele/19480221-dongbei.md' to 'docs/_liaos_tele/1948-02-21陈瑜电蒋中正共军攻击沈阳其伤亡三千人以上及中央军廖耀湘指挥作战情形.md'
2025-07-11 22:09:44,970 - INFO - Renaming 'docs/_liaos_tele/19481012-dongbei.md' to 'docs/_liaos_tele/1948-10-12蒋中正电卫立煌等廖耀湘部不问两锦情况应一意西进.md'
2025-07-11 22:09:44,970 - INFO - Renaming 'docs/_liaos_tele/19480416-dongbei.md' to 'docs/_liaos_tele/1948-04-16廖耀湘呈蒋中正对东北作战意见.md'
2025-07-11 22:09:44,971 - INFO - Renaming 'docs/_liaos_tele/19480128-dongbei.md' to 'docs/_liaos_tele/1948-01-28蒋中正电示陈诚如近日战事趋缓令廖耀湘赵家骧来见.md'
2025-07-11 22:09:44,971 - INFO - Renaming 'docs/_liaos_tele/19480112-chiang.md' to 'docs/_liaos_tele/1948-01-12蒋中正电廖耀湘勖勉为各军之模范.md'
2025-07-11 22:09:44,971 - INFO - Renaming 'docs/_liaos_tele/19440630-kaiming.md' to 'docs/_liaos_tele/1944-06-30廖耀湘致蒋中正卡马英会战大捷.md'
2025-07-11 22:09:44,972 - INFO - Renaming 'docs/_liaos_tele/19470603-dongbei.md' to 'docs/_liaos_tele/1947-06-03蒋中正电熊式辉转廖耀湘询其部队武器补充情形及不足数用书面报告.md'
2025-07-11 22:09:44,972 - INFO - Renaming 'docs/_liaos_tele/19480430-dongbei.md' to 'docs/_liaos_tele/1948-04-30廖耀湘电呈国民政府主席蒋中正为愿亲往南京面报东北军情.md'
2025-07-11 22:09:44,972 - INFO - Renaming 'docs/_liaos_tele/19450817-basi.md' to 'docs/_liaos_tele/1945-08-17行政院长宋子文呈国民政府为英皇拟以武士巴斯勋章颁赠我国陆军少将廖耀湘似可准予收受佩带呈请鉴核示.md'
2025-07-11 22:09:44,973 - INFO - Renaming 'docs/_liaos_tele/19440316-meng-guan-tele.md' to 'docs/_liaos_tele/1944-03-16廖耀湘电蒋中正孟关战役与首次美军并肩作战事件与歼敌经过.md'
2025-07-11 22:09:44,973 - INFO - Renaming 'docs/_liaos_tele/19440318-chiang.md' to 'docs/_liaos_tele/1944-03-18蒋中正电廖耀湘克复孟关聊申在缅失败之憾代慰全体官兵.md'
2025-07-11 22:09:44,973 - INFO - Renaming 'docs/_liaos_tele/19450302-zheng-jie-min.md' to 'docs/_liaos_tele/1945-03-02廖耀湘致郑介民在缅日军部署动态及有放弃缅甸退入泰国之迹象.md'
2025-07-11 22:09:44,974 - INFO - Renaming 'docs/_liaos_tele/19481014-dongbei-2.md' to 'docs/_liaos_tele/1948-10-14蒋中正电卫立煌罗泽闿等廖耀湘惟一任务应为一意挺进限期收复锦州.md'
2025-07-11 22:09:44,974 - INFO - Renaming 'docs/_liaos_tele/19440705-kaiming.md' to 'docs/_liaos_tele/1944-07-05廖耀湘电蒋中正卡马英会事件及本师伤亡甚大请迅予补充.md'
2025-07-11 22:09:44,974 - INFO - Renaming 'docs/_liaos_tele/19450404-zheng-jie-min.md' to 'docs/_liaos_tele/1945-04-04廖耀湘致郑介民五十师主力占领南洋、考克美，并汇报当面日军兵力及意图掩护其向泰、越退兵.md'
2025-07-11 22:09:44,975 - INFO - Renaming 'docs/_liaos_tele/19481014-dongbei.md' to 'docs/_liaos_tele/1948-10-14蒋中正电询罗泽闿进攻新立屯时间并促廖耀湘限期到达锦州达成使命.md'
2025-07-11 22:09:44,975 - INFO - Renaming 'docs/_liaos_tele/19450830-basi.md' to 'docs/_liaos_tele/1945-08-30国民政府指令行政院据呈为英皇拟授予廖耀湘勋章一案指令准予收受佩带.md'
2025-07-11 22:09:44,975 - INFO - Renaming 'docs/_liaos_tele/19471107-yunhui.md' to 'docs/_liaos_tele/1947-11-07国民政府令廖耀湘晋给二等云麾勋章.md'
2025-07-11 22:09:44,975 - INFO - Renaming 'docs/_liaos_tele/19481015-dongbei.md' to 'docs/_liaos_tele/1948-10-15蒋中正电卫立煌锦州战况如此廖耀湘兵团西进应增强三个师以上兵力.md'
2025-07-11 22:09:44,976 - INFO - Renaming 'docs/_liaos_tele/19480225-han-han.md' to 'docs/_liaos_tele/1948-02-25廖耀湘电国民政府主席蒋中正有关辽宁省政府前民政厅长韩涵之廉能.md'
2025-07-11 22:09:44,976 - INFO - Renaming 'docs/_liaos_tele/19480331-dongbei.md' to 'docs/_liaos_tele/1948-03-31廖耀湘呈国民政府主席蒋中正为对东北现阶段作战计画意见.md'
